2025-07-01 12:15:17,595 [1] INFO  webapi.Services.SqlSugarService -  【SQL】: SELECT sysobjects.name AS TableName,
                           syscolumns.Id AS TableId,
                           syscolumns.name AS DbColumnName,
                           systypes.name AS DataType,
                           COLUMNPROPERTY(syscolumns.id,syscolumns.name,'PRECISION') as [length],
                           isnull(COLUMNPROPERTY(syscolumns.id,syscolumns.name,'Scale'),0) as Scale, 
						   isnull(COLUMNPROPERTY(syscolumns.id,syscolumns.name,'Scale'),0) as DecimalDigits,
                           Cast( sys.extended_properties.[value] as nvarchar(2000)) AS [ColumnDescription],
                           syscomments.text AS DefaultValue,
                           syscolumns.isnullable AS IsNullable,
	                       columnproperty(syscolumns.id,syscolumns.name,'IsIdentity')as IsIdentity,
                           (CASE
                                WHEN EXISTS
                                       ( 
                                             	select 1
												from sysindexes i
												join sysindexkeys k on i.id = k.id and i.indid = k.indid
												join sysobjects o on i.id = o.id
												join syscolumns c on i.id=c.id and k.colid = c.colid
												where o.xtype = 'U' 
												and exists(select 1 from sysobjects where xtype = 'PK' and name = i.name) 
												and o.name=sysobjects.name and c.name=syscolumns.name
                                       ) THEN 1
                                ELSE 0
                            END) AS IsPrimaryKey
                    FROM syscolumns
                    INNER JOIN systypes ON syscolumns.xtype = systypes.xtype
                    LEFT JOIN sysobjects ON syscolumns.id = sysobjects.id
                    LEFT OUTER JOIN sys.extended_properties ON (sys.extended_properties.minor_id = syscolumns.colid
                                                                AND sys.extended_properties.major_id = syscolumns.id)
                    LEFT OUTER JOIN syscomments ON syscolumns.cdefault = syscomments.id
                    WHERE syscolumns.id IN
                        (SELECT id
                         FROM sysobjects
                         WHERE upper(xtype) IN('U',
                                        'V') )
                      AND (systypes.name <> 'sysname')
                      AND sysobjects.name=N'GBCODE'
                      AND systypes.name<>'geometry'
                      AND systypes.name<>'geography'
                    ORDER BY syscolumns.colid
2025-07-01 12:15:17,619 [1] INFO  webapi.Services.SqlSugarService -  【SQL】: SELECT sysobjects.name AS TableName,
                           syscolumns.Id AS TableId,
                           syscolumns.name AS DbColumnName,
                           systypes.name AS DataType,
                           COLUMNPROPERTY(syscolumns.id,syscolumns.name,'PRECISION') as [length],
                           isnull(COLUMNPROPERTY(syscolumns.id,syscolumns.name,'Scale'),0) as Scale, 
						   isnull(COLUMNPROPERTY(syscolumns.id,syscolumns.name,'Scale'),0) as DecimalDigits,
                           Cast( sys.extended_properties.[value] as nvarchar(2000)) AS [ColumnDescription],
                           syscomments.text AS DefaultValue,
                           syscolumns.isnullable AS IsNullable,
	                       columnproperty(syscolumns.id,syscolumns.name,'IsIdentity')as IsIdentity,
                           (CASE
                                WHEN EXISTS
                                       ( 
                                             	select 1
												from sysindexes i
												join sysindexkeys k on i.id = k.id and i.indid = k.indid
												join sysobjects o on i.id = o.id
												join syscolumns c on i.id=c.id and k.colid = c.colid
												where o.xtype = 'U' 
												and exists(select 1 from sysobjects where xtype = 'PK' and name = i.name) 
												and o.name=sysobjects.name and c.name=syscolumns.name
                                       ) THEN 1
                                ELSE 0
                            END) AS IsPrimaryKey
                    FROM syscolumns
                    INNER JOIN systypes ON syscolumns.xtype = systypes.xtype
                    LEFT JOIN sysobjects ON syscolumns.id = sysobjects.id
                    LEFT OUTER JOIN sys.extended_properties ON (sys.extended_properties.minor_id = syscolumns.colid
                                                                AND sys.extended_properties.major_id = syscolumns.id)
                    LEFT OUTER JOIN syscomments ON syscolumns.cdefault = syscomments.id
                    WHERE syscolumns.id IN
                        (SELECT id
                         FROM sysobjects
                         WHERE upper(xtype) IN('U',
                                        'V') )
                      AND (systypes.name <> 'sysname')
                      AND sysobjects.name=N'ATable'
                      AND systypes.name<>'geometry'
                      AND systypes.name<>'geography'
                    ORDER BY syscolumns.colid
2025-07-01 12:15:17,620 [1] INFO  webapi.Services.SqlSugarService -  【SQL】: SELECT sysobjects.name AS TableName,
                           syscolumns.Id AS TableId,
                           syscolumns.name AS DbColumnName,
                           systypes.name AS DataType,
                           COLUMNPROPERTY(syscolumns.id,syscolumns.name,'PRECISION') as [length],
                           isnull(COLUMNPROPERTY(syscolumns.id,syscolumns.name,'Scale'),0) as Scale, 
						   isnull(COLUMNPROPERTY(syscolumns.id,syscolumns.name,'Scale'),0) as DecimalDigits,
                           Cast( sys.extended_properties.[value] as nvarchar(2000)) AS [ColumnDescription],
                           syscomments.text AS DefaultValue,
                           syscolumns.isnullable AS IsNullable,
	                       columnproperty(syscolumns.id,syscolumns.name,'IsIdentity')as IsIdentity,
                           (CASE
                                WHEN EXISTS
                                       ( 
                                             	select 1
												from sysindexes i
												join sysindexkeys k on i.id = k.id and i.indid = k.indid
												join sysobjects o on i.id = o.id
												join syscolumns c on i.id=c.id and k.colid = c.colid
												where o.xtype = 'U' 
												and exists(select 1 from sysobjects where xtype = 'PK' and name = i.name) 
												and o.name=sysobjects.name and c.name=syscolumns.name
                                       ) THEN 1
                                ELSE 0
                            END) AS IsPrimaryKey
                    FROM syscolumns
                    INNER JOIN systypes ON syscolumns.xtype = systypes.xtype
                    LEFT JOIN sysobjects ON syscolumns.id = sysobjects.id
                    LEFT OUTER JOIN sys.extended_properties ON (sys.extended_properties.minor_id = syscolumns.colid
                                                                AND sys.extended_properties.major_id = syscolumns.id)
                    LEFT OUTER JOIN syscomments ON syscolumns.cdefault = syscomments.id
                    WHERE syscolumns.id IN
                        (SELECT id
                         FROM sysobjects
                         WHERE upper(xtype) IN('U',
                                        'V') )
                      AND (systypes.name <> 'sysname')
                      AND sysobjects.name=N'ATable'
                      AND systypes.name<>'geometry'
                      AND systypes.name<>'geography'
                    ORDER BY syscolumns.colid
2025-07-01 12:15:17,620 [1] INFO  webapi.Services.SqlSugarService -  【SQL】: SELECT sysobjects.name AS TableName,
                           syscolumns.Id AS TableId,
                           syscolumns.name AS DbColumnName,
                           systypes.name AS DataType,
                           COLUMNPROPERTY(syscolumns.id,syscolumns.name,'PRECISION') as [length],
                           isnull(COLUMNPROPERTY(syscolumns.id,syscolumns.name,'Scale'),0) as Scale, 
						   isnull(COLUMNPROPERTY(syscolumns.id,syscolumns.name,'Scale'),0) as DecimalDigits,
                           Cast( sys.extended_properties.[value] as nvarchar(2000)) AS [ColumnDescription],
                           syscomments.text AS DefaultValue,
                           syscolumns.isnullable AS IsNullable,
	                       columnproperty(syscolumns.id,syscolumns.name,'IsIdentity')as IsIdentity,
                           (CASE
                                WHEN EXISTS
                                       ( 
                                             	select 1
												from sysindexes i
												join sysindexkeys k on i.id = k.id and i.indid = k.indid
												join sysobjects o on i.id = o.id
												join syscolumns c on i.id=c.id and k.colid = c.colid
												where o.xtype = 'U' 
												and exists(select 1 from sysobjects where xtype = 'PK' and name = i.name) 
												and o.name=sysobjects.name and c.name=syscolumns.name
                                       ) THEN 1
                                ELSE 0
                            END) AS IsPrimaryKey
                    FROM syscolumns
                    INNER JOIN systypes ON syscolumns.xtype = systypes.xtype
                    LEFT JOIN sysobjects ON syscolumns.id = sysobjects.id
                    LEFT OUTER JOIN sys.extended_properties ON (sys.extended_properties.minor_id = syscolumns.colid
                                                                AND sys.extended_properties.major_id = syscolumns.id)
                    LEFT OUTER JOIN syscomments ON syscolumns.cdefault = syscomments.id
                    WHERE syscolumns.id IN
                        (SELECT id
                         FROM sysobjects
                         WHERE upper(xtype) IN('U',
                                        'V') )
                      AND (systypes.name <> 'sysname')
                      AND sysobjects.name=N'UserToken'
                      AND systypes.name<>'geometry'
                      AND systypes.name<>'geography'
                    ORDER BY syscolumns.colid
2025-07-01 12:15:17,621 [1] INFO  webapi.Services.SqlSugarService -  【SQL】: SELECT sysobjects.name AS TableName,
                           syscolumns.Id AS TableId,
                           syscolumns.name AS DbColumnName,
                           systypes.name AS DataType,
                           COLUMNPROPERTY(syscolumns.id,syscolumns.name,'PRECISION') as [length],
                           isnull(COLUMNPROPERTY(syscolumns.id,syscolumns.name,'Scale'),0) as Scale, 
						   isnull(COLUMNPROPERTY(syscolumns.id,syscolumns.name,'Scale'),0) as DecimalDigits,
                           Cast( sys.extended_properties.[value] as nvarchar(2000)) AS [ColumnDescription],
                           syscomments.text AS DefaultValue,
                           syscolumns.isnullable AS IsNullable,
	                       columnproperty(syscolumns.id,syscolumns.name,'IsIdentity')as IsIdentity,
                           (CASE
                                WHEN EXISTS
                                       ( 
                                             	select 1
												from sysindexes i
												join sysindexkeys k on i.id = k.id and i.indid = k.indid
												join sysobjects o on i.id = o.id
												join syscolumns c on i.id=c.id and k.colid = c.colid
												where o.xtype = 'U' 
												and exists(select 1 from sysobjects where xtype = 'PK' and name = i.name) 
												and o.name=sysobjects.name and c.name=syscolumns.name
                                       ) THEN 1
                                ELSE 0
                            END) AS IsPrimaryKey
                    FROM syscolumns
                    INNER JOIN systypes ON syscolumns.xtype = systypes.xtype
                    LEFT JOIN sysobjects ON syscolumns.id = sysobjects.id
                    LEFT OUTER JOIN sys.extended_properties ON (sys.extended_properties.minor_id = syscolumns.colid
                                                                AND sys.extended_properties.major_id = syscolumns.id)
                    LEFT OUTER JOIN syscomments ON syscolumns.cdefault = syscomments.id
                    WHERE syscolumns.id IN
                        (SELECT id
                         FROM sysobjects
                         WHERE upper(xtype) IN('U',
                                        'V') )
                      AND (systypes.name <> 'sysname')
                      AND sysobjects.name=N'Users'
                      AND systypes.name<>'geometry'
                      AND systypes.name<>'geography'
                    ORDER BY syscolumns.colid
2025-07-01 12:15:17,622 [1] INFO  webapi.Services.SqlSugarService -  【SQL】: SELECT sysobjects.name AS TableName,
                           syscolumns.Id AS TableId,
                           syscolumns.name AS DbColumnName,
                           systypes.name AS DataType,
                           COLUMNPROPERTY(syscolumns.id,syscolumns.name,'PRECISION') as [length],
                           isnull(COLUMNPROPERTY(syscolumns.id,syscolumns.name,'Scale'),0) as Scale, 
						   isnull(COLUMNPROPERTY(syscolumns.id,syscolumns.name,'Scale'),0) as DecimalDigits,
                           Cast( sys.extended_properties.[value] as nvarchar(2000)) AS [ColumnDescription],
                           syscomments.text AS DefaultValue,
                           syscolumns.isnullable AS IsNullable,
	                       columnproperty(syscolumns.id,syscolumns.name,'IsIdentity')as IsIdentity,
                           (CASE
                                WHEN EXISTS
                                       ( 
                                             	select 1
												from sysindexes i
												join sysindexkeys k on i.id = k.id and i.indid = k.indid
												join sysobjects o on i.id = o.id
												join syscolumns c on i.id=c.id and k.colid = c.colid
												where o.xtype = 'U' 
												and exists(select 1 from sysobjects where xtype = 'PK' and name = i.name) 
												and o.name=sysobjects.name and c.name=syscolumns.name
                                       ) THEN 1
                                ELSE 0
                            END) AS IsPrimaryKey
                    FROM syscolumns
                    INNER JOIN systypes ON syscolumns.xtype = systypes.xtype
                    LEFT JOIN sysobjects ON syscolumns.id = sysobjects.id
                    LEFT OUTER JOIN sys.extended_properties ON (sys.extended_properties.minor_id = syscolumns.colid
                                                                AND sys.extended_properties.major_id = syscolumns.id)
                    LEFT OUTER JOIN syscomments ON syscolumns.cdefault = syscomments.id
                    WHERE syscolumns.id IN
                        (SELECT id
                         FROM sysobjects
                         WHERE upper(xtype) IN('U',
                                        'V') )
                      AND (systypes.name <> 'sysname')
                      AND sysobjects.name=N'Roles'
                      AND systypes.name<>'geometry'
                      AND systypes.name<>'geography'
                    ORDER BY syscolumns.colid
2025-07-01 12:15:17,623 [1] INFO  webapi.Services.SqlSugarService -  【SQL】: SELECT sysobjects.name AS TableName,
                           syscolumns.Id AS TableId,
                           syscolumns.name AS DbColumnName,
                           systypes.name AS DataType,
                           COLUMNPROPERTY(syscolumns.id,syscolumns.name,'PRECISION') as [length],
                           isnull(COLUMNPROPERTY(syscolumns.id,syscolumns.name,'Scale'),0) as Scale, 
						   isnull(COLUMNPROPERTY(syscolumns.id,syscolumns.name,'Scale'),0) as DecimalDigits,
                           Cast( sys.extended_properties.[value] as nvarchar(2000)) AS [ColumnDescription],
                           syscomments.text AS DefaultValue,
                           syscolumns.isnullable AS IsNullable,
	                       columnproperty(syscolumns.id,syscolumns.name,'IsIdentity')as IsIdentity,
                           (CASE
                                WHEN EXISTS
                                       ( 
                                             	select 1
												from sysindexes i
												join sysindexkeys k on i.id = k.id and i.indid = k.indid
												join sysobjects o on i.id = o.id
												join syscolumns c on i.id=c.id and k.colid = c.colid
												where o.xtype = 'U' 
												and exists(select 1 from sysobjects where xtype = 'PK' and name = i.name) 
												and o.name=sysobjects.name and c.name=syscolumns.name
                                       ) THEN 1
                                ELSE 0
                            END) AS IsPrimaryKey
                    FROM syscolumns
                    INNER JOIN systypes ON syscolumns.xtype = systypes.xtype
                    LEFT JOIN sysobjects ON syscolumns.id = sysobjects.id
                    LEFT OUTER JOIN sys.extended_properties ON (sys.extended_properties.minor_id = syscolumns.colid
                                                                AND sys.extended_properties.major_id = syscolumns.id)
                    LEFT OUTER JOIN syscomments ON syscolumns.cdefault = syscomments.id
                    WHERE syscolumns.id IN
                        (SELECT id
                         FROM sysobjects
                         WHERE upper(xtype) IN('U',
                                        'V') )
                      AND (systypes.name <> 'sysname')
                      AND sysobjects.name=N'UserRoles'
                      AND systypes.name<>'geometry'
                      AND systypes.name<>'geography'
                    ORDER BY syscolumns.colid
2025-07-01 12:15:17,624 [1] INFO  webapi.Services.SqlSugarService -  【SQL】: SELECT sysobjects.name AS TableName,
                           syscolumns.Id AS TableId,
                           syscolumns.name AS DbColumnName,
                           systypes.name AS DataType,
                           COLUMNPROPERTY(syscolumns.id,syscolumns.name,'PRECISION') as [length],
                           isnull(COLUMNPROPERTY(syscolumns.id,syscolumns.name,'Scale'),0) as Scale, 
						   isnull(COLUMNPROPERTY(syscolumns.id,syscolumns.name,'Scale'),0) as DecimalDigits,
                           Cast( sys.extended_properties.[value] as nvarchar(2000)) AS [ColumnDescription],
                           syscomments.text AS DefaultValue,
                           syscolumns.isnullable AS IsNullable,
	                       columnproperty(syscolumns.id,syscolumns.name,'IsIdentity')as IsIdentity,
                           (CASE
                                WHEN EXISTS
                                       ( 
                                             	select 1
												from sysindexes i
												join sysindexkeys k on i.id = k.id and i.indid = k.indid
												join sysobjects o on i.id = o.id
												join syscolumns c on i.id=c.id and k.colid = c.colid
												where o.xtype = 'U' 
												and exists(select 1 from sysobjects where xtype = 'PK' and name = i.name) 
												and o.name=sysobjects.name and c.name=syscolumns.name
                                       ) THEN 1
                                ELSE 0
                            END) AS IsPrimaryKey
                    FROM syscolumns
                    INNER JOIN systypes ON syscolumns.xtype = systypes.xtype
                    LEFT JOIN sysobjects ON syscolumns.id = sysobjects.id
                    LEFT OUTER JOIN sys.extended_properties ON (sys.extended_properties.minor_id = syscolumns.colid
                                                                AND sys.extended_properties.major_id = syscolumns.id)
                    LEFT OUTER JOIN syscomments ON syscolumns.cdefault = syscomments.id
                    WHERE syscolumns.id IN
                        (SELECT id
                         FROM sysobjects
                         WHERE upper(xtype) IN('U',
                                        'V') )
                      AND (systypes.name <> 'sysname')
                      AND sysobjects.name=N'Permissions'
                      AND systypes.name<>'geometry'
                      AND systypes.name<>'geography'
                    ORDER BY syscolumns.colid
2025-07-01 12:15:17,625 [1] INFO  webapi.Services.SqlSugarService -  【SQL】: SELECT sysobjects.name AS TableName,
                           syscolumns.Id AS TableId,
                           syscolumns.name AS DbColumnName,
                           systypes.name AS DataType,
                           COLUMNPROPERTY(syscolumns.id,syscolumns.name,'PRECISION') as [length],
                           isnull(COLUMNPROPERTY(syscolumns.id,syscolumns.name,'Scale'),0) as Scale, 
						   isnull(COLUMNPROPERTY(syscolumns.id,syscolumns.name,'Scale'),0) as DecimalDigits,
                           Cast( sys.extended_properties.[value] as nvarchar(2000)) AS [ColumnDescription],
                           syscomments.text AS DefaultValue,
                           syscolumns.isnullable AS IsNullable,
	                       columnproperty(syscolumns.id,syscolumns.name,'IsIdentity')as IsIdentity,
                           (CASE
                                WHEN EXISTS
                                       ( 
                                             	select 1
												from sysindexes i
												join sysindexkeys k on i.id = k.id and i.indid = k.indid
												join sysobjects o on i.id = o.id
												join syscolumns c on i.id=c.id and k.colid = c.colid
												where o.xtype = 'U' 
												and exists(select 1 from sysobjects where xtype = 'PK' and name = i.name) 
												and o.name=sysobjects.name and c.name=syscolumns.name
                                       ) THEN 1
                                ELSE 0
                            END) AS IsPrimaryKey
                    FROM syscolumns
                    INNER JOIN systypes ON syscolumns.xtype = systypes.xtype
                    LEFT JOIN sysobjects ON syscolumns.id = sysobjects.id
                    LEFT OUTER JOIN sys.extended_properties ON (sys.extended_properties.minor_id = syscolumns.colid
                                                                AND sys.extended_properties.major_id = syscolumns.id)
                    LEFT OUTER JOIN syscomments ON syscolumns.cdefault = syscomments.id
                    WHERE syscolumns.id IN
                        (SELECT id
                         FROM sysobjects
                         WHERE upper(xtype) IN('U',
                                        'V') )
                      AND (systypes.name <> 'sysname')
                      AND sysobjects.name=N'RolePermissions'
                      AND systypes.name<>'geometry'
                      AND systypes.name<>'geography'
                    ORDER BY syscolumns.colid
2025-07-01 12:15:17,625 [1] INFO  webapi.Services.SqlSugarService -  【SQL】: SELECT sysobjects.name AS TableName,
                           syscolumns.Id AS TableId,
                           syscolumns.name AS DbColumnName,
                           systypes.name AS DataType,
                           COLUMNPROPERTY(syscolumns.id,syscolumns.name,'PRECISION') as [length],
                           isnull(COLUMNPROPERTY(syscolumns.id,syscolumns.name,'Scale'),0) as Scale, 
						   isnull(COLUMNPROPERTY(syscolumns.id,syscolumns.name,'Scale'),0) as DecimalDigits,
                           Cast( sys.extended_properties.[value] as nvarchar(2000)) AS [ColumnDescription],
                           syscomments.text AS DefaultValue,
                           syscolumns.isnullable AS IsNullable,
	                       columnproperty(syscolumns.id,syscolumns.name,'IsIdentity')as IsIdentity,
                           (CASE
                                WHEN EXISTS
                                       ( 
                                             	select 1
												from sysindexes i
												join sysindexkeys k on i.id = k.id and i.indid = k.indid
												join sysobjects o on i.id = o.id
												join syscolumns c on i.id=c.id and k.colid = c.colid
												where o.xtype = 'U' 
												and exists(select 1 from sysobjects where xtype = 'PK' and name = i.name) 
												and o.name=sysobjects.name and c.name=syscolumns.name
                                       ) THEN 1
                                ELSE 0
                            END) AS IsPrimaryKey
                    FROM syscolumns
                    INNER JOIN systypes ON syscolumns.xtype = systypes.xtype
                    LEFT JOIN sysobjects ON syscolumns.id = sysobjects.id
                    LEFT OUTER JOIN sys.extended_properties ON (sys.extended_properties.minor_id = syscolumns.colid
                                                                AND sys.extended_properties.major_id = syscolumns.id)
                    LEFT OUTER JOIN syscomments ON syscolumns.cdefault = syscomments.id
                    WHERE syscolumns.id IN
                        (SELECT id
                         FROM sysobjects
                         WHERE upper(xtype) IN('U',
                                        'V') )
                      AND (systypes.name <> 'sysname')
                      AND sysobjects.name=N'YBITEM'
                      AND systypes.name<>'geometry'
                      AND systypes.name<>'geography'
                    ORDER BY syscolumns.colid
2025-07-01 12:15:17,627 [1] INFO  webapi.Services.SqlSugarService -  【SQL】: SELECT sysobjects.name AS TableName,
                           syscolumns.Id AS TableId,
                           syscolumns.name AS DbColumnName,
                           systypes.name AS DataType,
                           COLUMNPROPERTY(syscolumns.id,syscolumns.name,'PRECISION') as [length],
                           isnull(COLUMNPROPERTY(syscolumns.id,syscolumns.name,'Scale'),0) as Scale, 
						   isnull(COLUMNPROPERTY(syscolumns.id,syscolumns.name,'Scale'),0) as DecimalDigits,
                           Cast( sys.extended_properties.[value] as nvarchar(2000)) AS [ColumnDescription],
                           syscomments.text AS DefaultValue,
                           syscolumns.isnullable AS IsNullable,
	                       columnproperty(syscolumns.id,syscolumns.name,'IsIdentity')as IsIdentity,
                           (CASE
                                WHEN EXISTS
                                       ( 
                                             	select 1
												from sysindexes i
												join sysindexkeys k on i.id = k.id and i.indid = k.indid
												join sysobjects o on i.id = o.id
												join syscolumns c on i.id=c.id and k.colid = c.colid
												where o.xtype = 'U' 
												and exists(select 1 from sysobjects where xtype = 'PK' and name = i.name) 
												and o.name=sysobjects.name and c.name=syscolumns.name
                                       ) THEN 1
                                ELSE 0
                            END) AS IsPrimaryKey
                    FROM syscolumns
                    INNER JOIN systypes ON syscolumns.xtype = systypes.xtype
                    LEFT JOIN sysobjects ON syscolumns.id = sysobjects.id
                    LEFT OUTER JOIN sys.extended_properties ON (sys.extended_properties.minor_id = syscolumns.colid
                                                                AND sys.extended_properties.major_id = syscolumns.id)
                    LEFT OUTER JOIN syscomments ON syscolumns.cdefault = syscomments.id
                    WHERE syscolumns.id IN
                        (SELECT id
                         FROM sysobjects
                         WHERE upper(xtype) IN('U',
                                        'V') )
                      AND (systypes.name <> 'sysname')
                      AND sysobjects.name=N'YBDRUG'
                      AND systypes.name<>'geometry'
                      AND systypes.name<>'geography'
                    ORDER BY syscolumns.colid
